0 info it worked if it ends with ok
1 verbose cli [ 'node', '/Users/etysk/.nvm/v0.10.32/bin/npm', 'run', 'dev' ]
2 info using npm@2.14.2
3 info using node@v0.10.32
4 verbose run-script [ 'predev', 'dev', 'postdev' ]
5 info predev cadencedecisiontree@1.0.0
6 info dev cadencedecisiontree@1.0.0
7 verbose unsafe-perm in lifecycle true
8 info cadencedecisiontree@1.0.0 Failed to exec dev script
9 verbose stack Error: cadencedecisiontree@1.0.0 dev: `webpack --mode development`
9 verbose stack Exit status 8
9 verbose stack     at EventEmitter.<anonymous> (/Users/etysk/.nvm/v0.10.32/lib/node_modules/npm/lib/utils/lifecycle.js:214:16)
9 verbose stack     at EventEmitter.emit (events.js:98:17)
9 verbose stack     at ChildProcess.<anonymous> (/Users/etysk/.nvm/v0.10.32/lib/node_modules/npm/lib/utils/spawn.js:24:14)
9 verbose stack     at ChildProcess.emit (events.js:98:17)
9 verbose stack     at maybeClose (child_process.js:756:16)
9 verbose stack     at Process.ChildProcess._handle.onexit (child_process.js:823:5)
10 verbose pkgid cadencedecisiontree@1.0.0
11 verbose cwd /Users/etysk/Documents/D3/cadenceDecisionTree
12 error Darwin 19.6.0
13 error argv "node" "/Users/etysk/.nvm/v0.10.32/bin/npm" "run" "dev"
14 error node v0.10.32
15 error npm  v2.14.2
16 error code ELIFECYCLE
17 error cadencedecisiontree@1.0.0 dev: `webpack --mode development`
17 error Exit status 8
18 error Failed at the cadencedecisiontree@1.0.0 dev script 'webpack --mode development'.
18 error This is most likely a problem with the cadencedecisiontree package,
18 error not with npm itself.
18 error Tell the author that this fails on your system:
18 error     webpack --mode development
18 error You can get their info via:
18 error     npm owner ls cadencedecisiontree
18 error There is likely additional logging output above.
19 verbose exit [ 1, true ]
